app/build/intermediates/manifest_merge_blame_file/debug/processDebugMainManifest/manifest-merger-blame-debug-report.txt
1<?xml version="1.0" encoding="utf-8"?>
2<manifest xmlns:android="http://schemas.android.com/apk/res/android"
3    package="org.ide.andriod"
4    android:versionCode="1"
5    android:versionName="2.0 BETA_SNAPSHOT" >
6
7    <uses-sdk
8        android:minSdkVersion="21"
9        android:targetSdkVersion="29" />
10
11    <uses-permission android:name="android.permission.INTERNET" />
11-->src/main/AndroidManifest.xml:5:2-64
11-->src/main/AndroidManifest.xml:5:19-61
12    <uses-permission android:name="android.permission.ACCESS_NETWORK_STATE" />
12-->src/main/AndroidManifest.xml:6:2-76
12-->src/main/AndroidManifest.xml:6:19-73
13    <uses-permission android:name="android.permission.READ_EXTERNAL_STORAGE" />
13-->src/main/AndroidManifest.xml:7:2-77
13-->src/main/AndroidManifest.xml:7:19-74
14    <uses-permission android:name="android.permission.WRITE_EXTERNAL_STORAGE" />
14-->src/main/AndroidManifest.xml:8:2-78
14-->src/main/AndroidManifest.xml:8:19-75
15    <uses-permission android:name="android.permission.INSTALL_PACKAGES" />
15-->src/main/AndroidManifest.xml:9:2-72
15-->src/main/AndroidManifest.xml:9:19-69
16    <uses-permission android:name="android.permission.INSTALL_PACKAGE_UPDATES" />
16-->src/main/AndroidManifest.xml:10:2-79
16-->src/main/AndroidManifest.xml:10:19-76
17    <uses-permission android:name="android.permission.REQUEST_INSTALL_PACKAGES" />
17-->src/main/AndroidManifest.xml:11:2-80
17-->src/main/AndroidManifest.xml:11:19-77
18
19    <permission
19-->[androidx.core:core:1.13.0] AndroidManifest.xml:22:5-24:47
20        android:name="org.ide.andriod.DYNAMIC_RECEIVER_NOT_EXPORTED_PERMISSION"
20-->[androidx.core:core:1.13.0] AndroidManifest.xml:23:9-81
21        android:protectionLevel="signature" />
21-->[androidx.core:core:1.13.0] AndroidManifest.xml:24:9-44
22
23    <uses-permission android:name="org.ide.andriod.DYNAMIC_RECEIVER_NOT_EXPORTED_PERMISSION" />
23-->[androidx.core:core:1.13.0] AndroidManifest.xml:26:5-97
23-->[androidx.core:core:1.13.0] AndroidManifest.xml:26:22-94
24
25    <application
25-->src/main/AndroidManifest.xml:12:2-140:16
26        android:name="com.apk.builder.ApplicationLoader"
26-->src/main/AndroidManifest.xml:16:3-51
27        android:allowBackup="true"
27-->src/main/AndroidManifest.xml:13:3-29
28        android:appComponentFactory="androidx.core.app.CoreComponentFactory"
28-->[androidx.core:core:1.13.0] AndroidManifest.xml:28:18-86
29        android:debuggable="true"
30        android:extractNativeLibs="true"
31        android:icon="@mipmap/ic_launcher"
31-->src/main/AndroidManifest.xml:14:3-37
32        android:label="@string/app_name"
32-->src/main/AndroidManifest.xml:15:3-35
33        android:requestLegacyExternalStorage="true"
33-->src/main/AndroidManifest.xml:17:3-46
34        android:theme="@style/AppTheme"
34-->src/main/AndroidManifest.xml:19:3-34
35        android:usesCleartextTraffic="true" >
35-->src/main/AndroidManifest.xml:18:3-38
36        <activity
36-->src/main/AndroidManifest.xml:20:3-30:14
37            android:name="org.ide.andriod.MainActivity"
37-->src/main/AndroidManifest.xml:21:4-32
38            android:configChanges="orientation|screenSize|keyboardHidden|smallestScreenSize|screenLayout"
38-->src/main/AndroidManifest.xml:22:4-97
39            android:hardwareAccelerated="true"
39-->src/main/AndroidManifest.xml:23:4-38
40            android:screenOrientation="portrait"
40-->src/main/AndroidManifest.xml:25:4-40
41            android:supportsPictureInPicture="true" >
41-->src/main/AndroidManifest.xml:24:4-43
42            <intent-filter>
42-->src/main/AndroidManifest.xml:26:4-29:20
43                <action android:name="android.intent.action.MAIN" />
43-->src/main/AndroidManifest.xml:27:5-57
43-->src/main/AndroidManifest.xml:27:13-54
44
45                <category android:name="android.intent.category.LAUNCHER" />
45-->src/main/AndroidManifest.xml:28:5-65
45-->src/main/AndroidManifest.xml:28:15-62
46            </intent-filter>
47        </activity>
48        <activity
48-->src/main/AndroidManifest.xml:31:3-37:43
49            android:name="org.ide.andriod.EditorActivity"
49-->src/main/AndroidManifest.xml:32:4-34
50            android:configChanges="orientation|screenSize|keyboardHidden|smallestScreenSize|screenLayout"
50-->src/main/AndroidManifest.xml:33:4-97
51            android:hardwareAccelerated="true"
51-->src/main/AndroidManifest.xml:34:4-38
52            android:screenOrientation="portrait"
52-->src/main/AndroidManifest.xml:36:4-40
53            android:supportsPictureInPicture="true"
53-->src/main/AndroidManifest.xml:35:4-43
54            android:windowSoftInputMode="adjustPan" />
54-->src/main/AndroidManifest.xml:37:1-40
55        <activity
55-->src/main/AndroidManifest.xml:38:3-43:43
56            android:name="org.ide.andriod.AboutAppActivity"
56-->src/main/AndroidManifest.xml:39:4-36
57            android:configChanges="orientation|screenSize|keyboardHidden|smallestScreenSize|screenLayout"
57-->src/main/AndroidManifest.xml:40:4-97
58            android:hardwareAccelerated="true"
58-->src/main/AndroidManifest.xml:41:4-38
59            android:screenOrientation="portrait"
59-->src/main/AndroidManifest.xml:43:4-40
60            android:supportsPictureInPicture="true" />
60-->src/main/AndroidManifest.xml:42:4-43
61        <activity
61-->src/main/AndroidManifest.xml:44:3-49:43
62            android:name="org.ide.andriod.ApplicationPrefActivity"
62-->src/main/AndroidManifest.xml:45:4-43
63            android:configChanges="orientation|screenSize|keyboardHidden|smallestScreenSize|screenLayout"
63-->src/main/AndroidManifest.xml:46:4-97
64            android:hardwareAccelerated="true"
64-->src/main/AndroidManifest.xml:47:4-38
65            android:screenOrientation="portrait"
65-->src/main/AndroidManifest.xml:49:4-40
66            android:supportsPictureInPicture="true" />
66-->src/main/AndroidManifest.xml:48:4-43
67        <activity
67-->src/main/AndroidManifest.xml:50:3-55:43
68            android:name="org.ide.andriod.CreateActivity"
68-->src/main/AndroidManifest.xml:51:4-34
69            android:configChanges="orientation|screenSize|keyboardHidden|smallestScreenSize|screenLayout"
69-->src/main/AndroidManifest.xml:52:4-97
70            android:hardwareAccelerated="true"
70-->src/main/AndroidManifest.xml:53:4-38
71            android:screenOrientation="portrait"
71-->src/main/AndroidManifest.xml:55:4-40
72            android:supportsPictureInPicture="true" />
72-->src/main/AndroidManifest.xml:54:4-43
73        <activity
73-->src/main/AndroidManifest.xml:56:3-61:43
74            android:name="org.ide.andriod.ResActivity"
74-->src/main/AndroidManifest.xml:57:4-31
75            android:configChanges="orientation|screenSize|keyboardHidden|smallestScreenSize|screenLayout"
75-->src/main/AndroidManifest.xml:58:4-97
76            android:hardwareAccelerated="true"
76-->src/main/AndroidManifest.xml:59:4-38
77            android:screenOrientation="portrait"
77-->src/main/AndroidManifest.xml:61:4-40
78            android:supportsPictureInPicture="true" />
78-->src/main/AndroidManifest.xml:60:4-43
79        <activity
79-->src/main/AndroidManifest.xml:62:3-67:43
80            android:name="org.ide.andriod.JavActivity"
80-->src/main/AndroidManifest.xml:63:4-31
81            android:configChanges="orientation|screenSize|keyboardHidden|smallestScreenSize|screenLayout"
81-->src/main/AndroidManifest.xml:64:4-97
82            android:hardwareAccelerated="true"
82-->src/main/AndroidManifest.xml:65:4-38
83            android:screenOrientation="portrait"
83-->src/main/AndroidManifest.xml:67:4-40
84            android:supportsPictureInPicture="true" />
84-->src/main/AndroidManifest.xml:66:4-43
85        <activity
85-->src/main/AndroidManifest.xml:68:3-73:43
86            android:name="org.ide.andriod.LibActivity"
86-->src/main/AndroidManifest.xml:69:4-31
87            android:configChanges="orientation|screenSize|keyboardHidden|smallestScreenSize|screenLayout"
87-->src/main/AndroidManifest.xml:70:4-97
88            android:hardwareAccelerated="true"
88-->src/main/AndroidManifest.xml:71:4-38
89            android:screenOrientation="portrait"
89-->src/main/AndroidManifest.xml:73:4-40
90            android:supportsPictureInPicture="true" />
90-->src/main/AndroidManifest.xml:72:4-43
91        <activity
91-->src/main/AndroidManifest.xml:74:3-79:43
92            android:name="org.ide.andriod.MinimalMainActivity"
92-->src/main/AndroidManifest.xml:75:4-39
93            android:configChanges="orientation|screenSize|keyboardHidden|smallestScreenSize|screenLayout"
93-->src/main/AndroidManifest.xml:76:4-97
94            android:hardwareAccelerated="true"
94-->src/main/AndroidManifest.xml:77:4-38
95            android:screenOrientation="portrait"
95-->src/main/AndroidManifest.xml:79:4-40
96            android:supportsPictureInPicture="true" />
96-->src/main/AndroidManifest.xml:78:4-43
97        <activity
97-->src/main/AndroidManifest.xml:80:3-85:43
98            android:name="org.ide.andriod.MinimalistListActivity"
98-->src/main/AndroidManifest.xml:81:4-42
99            android:configChanges="orientation|screenSize|keyboardHidden|smallestScreenSize|screenLayout"
99-->src/main/AndroidManifest.xml:82:4-97
100            android:hardwareAccelerated="true"
100-->src/main/AndroidManifest.xml:83:4-38
101            android:screenOrientation="portrait"
101-->src/main/AndroidManifest.xml:85:4-40
102            android:supportsPictureInPicture="true" />
102-->src/main/AndroidManifest.xml:84:4-43
103        <activity
103-->src/main/AndroidManifest.xml:86:3-90:46
104            android:name="org.ide.andriod.DebugActivity"
104-->src/main/AndroidManifest.xml:87:4-33
105            android:configChanges="orientation|screenSize|keyboardHidden|smallestScreenSize|screenLayout"
105-->src/main/AndroidManifest.xml:88:4-97
106            android:hardwareAccelerated="true"
106-->src/main/AndroidManifest.xml:89:4-38
107            android:supportsPictureInPicture="true" />
107-->src/main/AndroidManifest.xml:90:4-43
108        <activity
108-->src/main/AndroidManifest.xml:91:3-95:46
109            android:name="org.ide.andriod.TestActivity"
109-->src/main/AndroidManifest.xml:92:4-32
110            android:configChanges="orientation|screenSize|keyboardHidden|smallestScreenSize|screenLayout"
110-->src/main/AndroidManifest.xml:93:4-97
111            android:hardwareAccelerated="true"
111-->src/main/AndroidManifest.xml:94:4-38
112            android:supportsPictureInPicture="true" />
112-->src/main/AndroidManifest.xml:95:4-43
113        <activity
113-->src/main/AndroidManifest.xml:96:3-100:46
114            android:name="org.ide.andriod.CreateProjectActivity"
114-->src/main/AndroidManifest.xml:97:4-41
115            android:configChanges="orientation|screenSize|keyboardHidden|smallestScreenSize|screenLayout"
115-->src/main/AndroidManifest.xml:98:4-97
116            android:hardwareAccelerated="true"
116-->src/main/AndroidManifest.xml:99:4-38
117            android:supportsPictureInPicture="true" />
117-->src/main/AndroidManifest.xml:100:4-43
118        <activity
118-->src/main/AndroidManifest.xml:101:3-105:46
119            android:name="org.ide.andriod.ColorPickerActivity"
119-->src/main/AndroidManifest.xml:102:4-39
120            android:configChanges="orientation|screenSize|keyboardHidden|smallestScreenSize|screenLayout"
120-->src/main/AndroidManifest.xml:103:4-97
121            android:hardwareAccelerated="true"
121-->src/main/AndroidManifest.xml:104:4-38
122            android:supportsPictureInPicture="true" />
122-->src/main/AndroidManifest.xml:105:4-43
123        <activity
123-->src/main/AndroidManifest.xml:106:3-110:46
124            android:name="org.ide.andriod.ProjEditorConfigActivity"
124-->src/main/AndroidManifest.xml:107:4-44
125            android:configChanges="orientation|screenSize|keyboardHidden|smallestScreenSize|screenLayout"
125-->src/main/AndroidManifest.xml:108:4-97
126            android:hardwareAccelerated="true"
126-->src/main/AndroidManifest.xml:109:4-38
127            android:supportsPictureInPicture="true" />
127-->src/main/AndroidManifest.xml:110:4-43
128        <activity
128-->src/main/AndroidManifest.xml:111:3-115:46
129            android:name="org.ide.andriod.ImageManagerActivity"
129-->src/main/AndroidManifest.xml:112:4-40
130            android:configChanges="orientation|screenSize|keyboardHidden|smallestScreenSize|screenLayout"
130-->src/main/AndroidManifest.xml:113:4-97
131            android:hardwareAccelerated="true"
131-->src/main/AndroidManifest.xml:114:4-38
132            android:supportsPictureInPicture="true" />
132-->src/main/AndroidManifest.xml:115:4-43
133
134        <provider
134-->src/main/AndroidManifest.xml:116:3-126:14
135            android:name="androidx.startup.InitializationProvider"
135-->src/main/AndroidManifest.xml:117:4-58
136            android:authorities="org.ide.andriod.androidx-startup"
136-->src/main/AndroidManifest.xml:118:4-58
137            android:exported="false" >
137-->src/main/AndroidManifest.xml:119:4-28
138            <meta-data
138-->src/main/AndroidManifest.xml:120:4-122:40
139                android:name="androidx.lifecycle.ProcessLifecycleInitializer"
139-->src/main/AndroidManifest.xml:121:5-66
140                android:value="androidx.startup" />
140-->src/main/AndroidManifest.xml:122:5-37
141            <meta-data
141-->src/main/AndroidManifest.xml:123:4-125:40
142                android:name="androidx.emoji2.text.EmojiCompatInitializer"
142-->src/main/AndroidManifest.xml:124:5-63
143                android:value="androidx.startup" />
143-->src/main/AndroidManifest.xml:125:5-37
144            <meta-data
144-->[androidx.profileinstaller:profileinstaller:1.3.1] AndroidManifest.xml:29:13-31:52
145                android:name="androidx.profileinstaller.ProfileInstallerInitializer"
145-->[androidx.profileinstaller:profileinstaller:1.3.1] AndroidManifest.xml:30:17-85
146                android:value="androidx.startup" />
146-->[androidx.profileinstaller:profileinstaller:1.3.1] AndroidManifest.xml:31:17-49
147        </provider>
148
149        <uses-library
149-->src/main/AndroidManifest.xml:127:3-129:31
150            android:name="org.apache.http.legacy"
150-->src/main/AndroidManifest.xml:128:4-41
151            android:required="false" />
151-->src/main/AndroidManifest.xml:129:4-28
152
153        <provider
153-->src/main/AndroidManifest.xml:131:1-139:12
154            android:name="androidx.core.content.FileProvider"
154-->src/main/AndroidManifest.xml:132:5-54
155            android:authorities="org.ide.andriod.provider"
155-->src/main/AndroidManifest.xml:133:5-51
156            android:exported="false"
156-->src/main/AndroidManifest.xml:134:5-29
157            android:grantUriPermissions="true" >
157-->src/main/AndroidManifest.xml:135:5-39
158            <meta-data
158-->src/main/AndroidManifest.xml:136:5-138:46
159                android:name="android.support.FILE_PROVIDER_PATHS"
159-->src/main/AndroidManifest.xml:137:9-59
160                android:resource="@xml/file_paths" />
160-->src/main/AndroidManifest.xml:138:9-43
161        </provider>
162
163        <receiver
163-->[androidx.profileinstaller:profileinstaller:1.3.1] AndroidManifest.xml:34:9-52:20
164            android:name="androidx.profileinstaller.ProfileInstallReceiver"
164-->[androidx.profileinstaller:profileinstaller:1.3.1] AndroidManifest.xml:35:13-76
165            android:directBootAware="false"
165-->[androidx.profileinstaller:profileinstaller:1.3.1] AndroidManifest.xml:36:13-44
166            android:enabled="true"
166-->[androidx.profileinstaller:profileinstaller:1.3.1] AndroidManifest.xml:37:13-35
167            android:exported="true"
167-->[androidx.profileinstaller:profileinstaller:1.3.1] AndroidManifest.xml:38:13-36
168            android:permission="android.permission.DUMP" >
168-->[androidx.profileinstaller:profileinstaller:1.3.1] AndroidManifest.xml:39:13-57
169            <intent-filter>
169-->[androidx.profileinstaller:profileinstaller:1.3.1] AndroidManifest.xml:40:13-42:29
170                <action android:name="androidx.profileinstaller.action.INSTALL_PROFILE" />
170-->[androidx.profileinstaller:profileinstaller:1.3.1] AndroidManifest.xml:41:17-91
170-->[androidx.profileinstaller:profileinstaller:1.3.1] AndroidManifest.xml:41:25-88
171            </intent-filter>
172            <intent-filter>
172-->[androidx.profileinstaller:profileinstaller:1.3.1] AndroidManifest.xml:43:13-45:29
173                <action android:name="androidx.profileinstaller.action.SKIP_FILE" />
173-->[androidx.profileinstaller:profileinstaller:1.3.1] AndroidManifest.xml:44:17-85
173-->[androidx.profileinstaller:profileinstaller:1.3.1] AndroidManifest.xml:44:25-82
174            </intent-filter>
175            <intent-filter>
175-->[androidx.profileinstaller:profileinstaller:1.3.1] AndroidManifest.xml:46:13-48:29
176                <action android:name="androidx.profileinstaller.action.SAVE_PROFILE" />
176-->[androidx.profileinstaller:profileinstaller:1.3.1] AndroidManifest.xml:47:17-88
176-->[androidx.profileinstaller:profileinstaller:1.3.1] AndroidManifest.xml:47:25-85
177            </intent-filter>
178            <intent-filter>
178-->[androidx.profileinstaller:profileinstaller:1.3.1] AndroidManifest.xml:49:13-51:29
179                <action android:name="androidx.profileinstaller.action.BENCHMARK_OPERATION" />
179-->[androidx.profileinstaller:profileinstaller:1.3.1] AndroidManifest.xml:50:17-95
179-->[androidx.profileinstaller:profileinstaller:1.3.1] AndroidManifest.xml:50:25-92
180            </intent-filter>
181        </receiver>
182    </application>
183
184</manifest>